<?xml version="1.0" encoding="UTF-8"?>
<testsuite xmlns:xsi="http://www.w3.org/2001/XMLSchema-instance" xsi:noNamespaceSchemaLocation="https://maven.apache.org/surefire/maven-surefire-plugin/xsd/surefire-test-report-3.0.xsd" version="3.0" name="GameControllerTest" time="0.145" tests="2" errors="0" skipped="0" failures="0">
  <properties>
[...]
</properties>
  <testcase name="GameTerminates" classname="GameControllerTest" time="0.143">
    <system-out><![CDATA[&amp#27;[H&amp#27;[2JEnemy Board | Ships left: 5
. . . . . . . . . . 
. . . . . . . . . . 
. . . . . . . . . . 
. . . . . . . . . . 
. . . . . . . . . . 
. . . . . . . . . . 
. . . . . . . . . . 
. . . . . . . . . . 
. . . . . . . . . . 
. . . . . . . . . . 
Your Board | Ships left: 5
. . . . . . . . . . 
. . . . . . . . . . 
. . . . . . . . . . 
. . . . . . . . . . 
. . . . . . . . . . 
. . . . . . . . . . 
. . . . . . . . . . 
. . . . . . . . . . 
. . . . . . . . . . 
. . . . . . . . . . 
&amp#27;[H&amp#27;[2JEnemy Board | Ships left: 5 | hit at 24
. . . . . . . . . . 
. . . . . . . . . . 
. . . . x . . . . . 
. . . . . . . . . . 
. . . . . . . . . . 
. . . . . . . . . . 
. . . . . . . . . . 
. . . . . . . . . . 
. . . . . . . . . . 
. . . . . . . . . . 
Your Board | Ships left: 5 | miss at 25
. . . . . . . . . . 
. . . . . . . . . . 
. . . . . o . . . . 
. . . . . . . . . . 
. . . . . . . . . . 
. . . . . . . . . . 
. . . . . . . . . . 
. . . . . . . . . . 
. . . . . . . . . . 
. . . . . . . . . . 
&amp#27;[H&amp#27;[2JEnemy Board | Ships left: 5 | miss at 91
. . . . . . . . . . 
. . . . . . . . . . 
. . . . x . . . . . 
. . . . . . . . . . 
. . . . . . . . . . 
. . . . . . . . . . 
. . . . . . . . . . 
. . . . . . . . . . 
. . . . . . . . . . 
. o . . . . . . . . 
Your Board | Ships left: 5 | miss at 98
. . . . . . . . . . 
. . . . . . . . . . 
. . . . . o . . . . 
. . . . . . . . . . 
. . . . . . . . . . 
. . . . . . . . . . 
. . . . . . . . . . 
. . . . . . . . . . 
. . . . . . . . . . 
. . . . . . . . o . 
&amp#27;[H&amp#27;[2JEnemy Board | Ships left: 5 | miss at 89
. . . . . . . . . . 
. . . . . . . . . . 
. . . . x . . . . . 
. . . . . . . . . . 
. . . . . . . . . . 
. . . . . . . . . . 
. . . . . . . . . . 
. . . . . . . . . . 
. . . . . . . . . o 
. o . . . . . . . . 
Your Board | Ships left: 5 | miss at 47
. . . . . . . . . . 
. . . . . . . . . . 
. . . . . o . . . . 
. . . . . . . . . . 
. . . . . . . o . . 
. . . . . . . . . . 
. . . . . . . . . . 
. . . . . . . . . . 
. . . . . . . . . . 
. . . . . . . . o . 
&amp#27;[H&amp#27;[2JEnemy Board | Ships left: 5 | miss at 99
. . . . . . . . . . 
. . . . . . . . . . 
. . . . x . . . . . 
. . . . . . . . . . 
. . . . . . . . . . 
. . . . . . . . . . 
. . . . . . . . . . 
. . . . . . . . . . 
. . . . . . . . . o 
. o . . . . . . . o 
Your Board | Ships left: 5 | miss at 02
. . o . . . . . . . 
. . . . . . . . . . 
. . . . . o . . . . 
. . . . . . . . . . 
. . . . . . . o . . 
. . . . . . . . . . 
. . . . . . . . . . 
. . . . . . . . . . 
. . . . . . . . . . 
. . . . . . . . o . 
&amp#27;[H&amp#27;[2JEnemy Board | Ships left: 5 | miss at 82
. . . . . . . . . . 
. . . . . . . . . . 
. . . . x . . . . . 
. . . . . . . . . . 
. . . . . . . . . . 
. . . . . . . . . . 
. . . . . . . . . . 
. . . . . . . . . . 
. . o . . . . . . o 
. o . . . . . . . o 
Your Board | Ships left: 5 | miss at 19
. . o . . . . . . . 
. . . . . . . . . o 
. . . . . o . . . . 
. . . . . . . . . . 
. . . . . . . o . . 
. . . . . . . . . . 
. . . . . . . . . . 
. . . . . . . . . . 
. . . . . . . . . . 
. . . . . . . . o . 
&amp#27;[H&amp#27;[2JEnemy Board | Ships left: 5 | miss at 86
. . . . . . . . . . 
. . . . . . . . . . 
. . . . x . . . . . 
. . . . . . . . . . 
. . . . . . . . . . 
. . . . . . . . . . 
. . . . . . . . . . 
. . . . . . . . . . 
. . o . . . o . . o 
. o . . . . . . . o 
Your Board | Ships left: 5 | hit at 10
. . o . . . . . . . 
x . . . . . . . . o 
. . . . . o . . . . 
. . . . . . . . . . 
. . . . . . . o . . 
. . . . . . . . . . 
. . . . . . . . . . 
. . . . . . . . . . 
. . . . . . . . . . 
. . . . . . . . o . 
&amp#27;[H&amp#27;[2JEnemy Board | Ships left: 5 | miss at 78
. . . . . . . . . . 
. . . . . . . . . . 
. . . . x . . . . . 
. . . . . . . . . . 
. . . . . . . . . . 
. . . . . . . . . . 
. . . . . . . . . . 
. . . . . . . . o . 
. . o . . . o . . o 
. o . . . . . . . o 
Your Board | Ships left: 5 | miss at 52
. . o . . . . . . . 
x . . . . . . . . o 
. . . . . o . . . . 
. . . . . . . . . . 
. . . . . . . o . . 
. . o . . . . . . . 
. . . . . . . . . . 
. . . . . . . . . . 
. . . . . . . . . . 
. . . . . . . . o . 
&amp#27;[H&amp#27;[2JEnemy Board | Ships left: 5 | miss at 68
. . . . . . . . . . 
. . . . . . . . . . 
. . . . x . . . . . 
. . . . . . . . . . 
. . . . . . . . . . 
. . . . . . . . . . 
. . . . . . . . o . 
. . . . . . . . o . 
. . o . . . o . . o 
. o . . . . . . . o 
Your Board | Ships left: 5 | miss at 40
. . o . . . . . . . 
x . . . . . . . . o 
. . . . . o . . . . 
. . . . . . . . . . 
o . . . . . . o . . 
. . o . . . . . . . 
. . . . . . . . . . 
. . . . . . . . . . 
. . . . . . . . . . 
. . . . . . . . o . 
&amp#27;[H&amp#27;[2JEnemy Board | Ships left: 5 | miss at 18
. . . . . . . . . . 
. . . . . . . . o . 
. . . . x . . . . . 
. . . . . . . . . . 
. . . . . . . . . . 
. . . . . . . . . . 
. . . . . . . . o . 
. . . . . . . . o . 
. . o . . . o . . o 
. o . . . . . . . o 
Your Board | Ships left: 5 | miss at 53
. . o . . . . . . . 
x . . . . . . . . o 
. . . . . o . . . . 
. . . . . . . . . . 
o . . . . . . o . . 
. . o o . . . . . . 
. . . . . . . . . . 
. . . . . . . . . . 
. . . . . . . . . . 
. . . . . . . . o . 
&amp#27;[H&amp#27;[2JEnemy Board | Ships left: 5 | miss at 33
. . . . . . . . . . 
. . . . . . . . o . 
. . . . x . . . . . 
. . . o . . . . . . 
. . . . . . . . . . 
. . . . . . . . . . 
. . . . . . . . o . 
. . . . . . . . o . 
. . o . . . o . . o 
. o . . . . . . . o 
Your Board | Ships left: 5 | miss at 99
. . o . . . . . . . 
x . . . . . . . . o 
. . . . . o . . . . 
. . . . . . . . . . 
o . . . . . . o . . 
. . o o . . . . . . 
. . . . . . . . . . 
. . . . . . . . . . 
. . . . . . . . . . 
. . . . . . . . o o 
&amp#27;[H&amp#27;[2JEnemy Board | Ships left: 5 | miss at 31
. . . . . . . . . . 
. . . . . . . . o . 
. . . . x . . . . . 
. o . o . . . . . . 
. . . . . . . . . . 
. . . . . . . . . . 
. . . . . . . . o . 
. . . . . . . . o . 
. . o . . . o . . o 
. o . . . . . . . o 
Your Board | Ships left: 5 | hit at 20
. . o . . . . . . . 
x . . . . . . . . o 
x . . . . o . . . . 
. . . . . . . . . . 
o . . . . . . o . . 
. . o o . . . . . . 
. . . . . . . . . . 
. . . . . . . . . . 
. . . . . . . . . . 
. . . . . . . . o o 
&amp#27;[H&amp#27;[2JEnemy Board | Ships left: 5 | hit at 23
. . . . . . . . . . 
. . . . . . . . o . 
. . . x x . . . . . 
. o . o . . . . . . 
. . . . . . . . . . 
. . . . . . . . . . 
. . . . . . . . o . 
. . . . . . . . o . 
. . o . . . o . . o 
. o . . . . . . . o 
Your Board | Ships left: 5 | miss at 97
. . o . . . . . . . 
x . . . . . . . . o 
x . . . . o . . . . 
. . . . . . . . . . 
o . . . . . . o . . 
. . o o . . . . . . 
. . . . . . . . . . 
. . . . . . . . . . 
. . . . . . . . . . 
. . . . . . . o o o 
&amp#27;[H&amp#27;[2JEnemy Board | Ships left: 5 | miss at 84
. . . . . . . . . . 
. . . . . . . . o . 
. . . x x . . . . . 
. o . o . . . . . . 
. . . . . . . . . . 
. . . . . . . . . . 
. . . . . . . . o . 
. . . . . . . . o . 
. . o . o . o . . o 
. o . . . . . . . o 
Your Board | Ships left: 5 | miss at 79
. . o . . . . . . . 
x . . . . . . . . o 
x . . . . o . . . . 
. . . . . . . . . . 
o . . . . . . o . . 
. . o o . . . . . . 
. . . . . . . . . . 
. . . . . . . . . o 
. . . . . . . . . . 
. . . . . . . o o o 
&amp#27;[H&amp#27;[2JEnemy Board | Ships left: 5 | miss at 51
. . . . . . . . . . 
. . . . . . . . o . 
. . . x x . . . . . 
. o . o . . . . . . 
. . . . . . . . . . 
. o . . . . . . . . 
. . . . . . . . o . 
. . . . . . . . o . 
. . o . o . o . . o 
. o . . . . . . . o 
Your Board | Ships left: 5 | miss at 69
. . o . . . . . . . 
x . . . . . . . . o 
x . . . . o . . . . 
. . . . . . . . . . 
o . . . . . . o . . 
. . o o . . . . . . 
. . . . . . . . . o 
. . . . . . . . . o 
. . . . . . . . . . 
. . . . . . . o o o 
&amp#27;[H&amp#27;[2JEnemy Board | Ships left: 5 | miss at 60
. . . . . . . . . . 
. . . . . . . . o . 
. . . x x . . . . . 
. o . o . . . . . . 
. . . . . . . . . . 
. o . . . . . . . . 
o . . . . . . . o . 
. . . . . . . . o . 
. . o . o . o . . o 
. o . . . . . . . o 
Your Board | Ships left: 5 | miss at 88
. . o . . . . . . . 
x . . . . . . . . o 
x . . . . o . . . . 
. . . . . . . . . . 
o . . . . . . o . . 
. . o o . . . . . . 
. . . . . . . . . o 
. . . . . . . . . o 
. . . . . . . . o . 
. . . . . . . o o o 
&amp#27;[H&amp#27;[2JEnemy Board | Ships left: 5 | miss at 29
. . . . . . . . . . 
. . . . . . . . o . 
. . . x x . . . . o 
. o . o . . . . . . 
. . . . . . . . . . 
. o . . . . . . . . 
o . . . . . . . o . 
. . . . . . . . o . 
. . o . o . o . . o 
. o . . . . . . . o 
Your Board | Ships left: 5 | hit at 41
. . o . . . . . . . 
x . . . . . . . . o 
x . . . . o . . . . 
. . . . . . . . . . 
o x . . . . . o . . 
. . o o . . . . . . 
. . . . . . . . . o 
. . . . . . . . . o 
. . . . . . . . o . 
. . . . . . . o o o 
&amp#27;[H&amp#27;[2JEnemy Board | Ships left: 5 | hit at 25
. . . . . . . . . . 
. . . . . . . . o . 
. . . x x x . . . o 
. o . o . . . . . . 
. . . . . . . . . . 
. o . . . . . . . . 
o . . . . . . . o . 
. . . . . . . . o . 
. . o . o . o . . o 
. o . . . . . . . o 
Your Board | Ships left: 5 | miss at 18
. . o . . . . . . . 
x . . . . . . . o o 
x . . . . o . . . . 
. . . . . . . . . . 
o x . . . . . o . . 
. . o o . . . . . . 
. . . . . . . . . o 
. . . . . . . . . o 
. . . . . . . . o . 
. . . . . . . o o o 
&amp#27;[H&amp#27;[2JEnemy Board | Ships left: 5 | miss at 17
. . . . . . . . . . 
. . . . . . . o o . 
. . . x x x . . . o 
. o . o . . . . . . 
. . . . . . . . . . 
. o . . . . . . . . 
o . . . . . . . o . 
. . . . . . . . o . 
. . o . o . o . . o 
. o . . . . . . . o 
Your Board | Ships left: 5 | miss at 49
. . o . . . . . . . 
x . . . . . . . o o 
x . . . . o . . . . 
. . . . . . . . . . 
o x . . . . . o . o 
. . o o . . . . . . 
. . . . . . . . . o 
. . . . . . . . . o 
. . . . . . . . o . 
. . . . . . . o o o 
&amp#27;[H&amp#27;[2JEnemy Board | Ships left: 5 | miss at 65
. . . . . . . . . . 
. . . . . . . o o . 
. . . x x x . . . o 
. o . o . . . . . . 
. . . . . . . . . . 
. o . . . . . . . . 
o . . . . o . . o . 
. . . . . . . . o . 
. . o . o . o . . o 
. o . . . . . . . o 
Your Board | Ships left: 5 | hit at 11
. . o . . . . . . . 
x x . . . . . . o o 
x . . . . o . . . . 
. . . . . . . . . . 
o x . . . . . o . o 
. . o o . . . . . . 
. . . . . . . . . o 
. . . . . . . . . o 
. . . . . . . . o . 
. . . . . . . o o o 
&amp#27;[H&amp#27;[2JEnemy Board | Ships left: 5 | miss at 41
. . . . . . . . . . 
. . . . . . . o o . 
. . . x x x . . . o 
. o . o . . . . . . 
. o . . . . . . . . 
. o . . . . . . . . 
o . . . . o . . o . 
. . . . . . . . o . 
. . o . o . o . . o 
. o . . . . . . . o 
Your Board | Ships left: 5 | miss at 32
. . o . . . . . . . 
x x . . . . . . o o 
x . . . . o . . . . 
. . o . . . . . . . 
o x . . . . . o . o 
. . o o . . . . . . 
. . . . . . . . . o 
. . . . . . . . . o 
. . . . . . . . o . 
. . . . . . . o o o 
&amp#27;[H&amp#27;[2JEnemy Board | Ships left: 5 | miss at 19
. . . . . . . . . . 
. . . . . . . o o o 
. . . x x x . . . o 
. o . o . . . . . . 
. o . . . . . . . . 
. o . . . . . . . . 
o . . . . o . . o . 
. . . . . . . . o . 
. . o . o . o . . o 
. o . . . . . . . o 
Your Board | Ships left: 5 | miss at 33
. . o . . . . . . . 
x x . . . . . . o o 
x . . . . o . . . . 
. . o o . . . . . . 
o x . . . . . o . o 
. . o o . . . . . . 
. . . . . . . . . o 
. . . . . . . . . o 
. . . . . . . . o . 
. . . . . . . o o o 
&amp#27;[H&amp#27;[2JEnemy Board | Ships left: 5 | miss at 40
. . . . . . . . . . 
. . . . . . . o o o 
. . . x x x . . . o 
. o . o . . . . . . 
o o . . . . . . . . 
. o . . . . . . . . 
o . . . . o . . o . 
. . . . . . . . o . 
. . o . o . o . . o 
. o . . . . . . . o 
Your Board | Ships left: 5 | miss at 36
. . o . . . . . . . 
x x . . . . . . o o 
x . . . . o . . . . 
. . o o . . o . . . 
o x . . . . . o . o 
. . o o . . . . . . 
. . . . . . . . . o 
. . . . . . . . . o 
. . . . . . . . o . 
. . . . . . . o o o 
&amp#27;[H&amp#27;[2JEnemy Board | Ships left: 5 | miss at 54
. . . . . . . . . . 
. . . . . . . o o o 
. . . x x x . . . o 
. o . o . . . . . . 
o o . . . . . . . . 
. o . . o . . . . . 
o . . . . o . . o . 
. . . . . . . . o . 
. . o . o . o . . o 
. o . . . . . . . o 
Your Board | Ships left: 5 | hit at 54
. . o . . . . . . . 
x x . . . . . . o o 
x . . . . o . . . . 
. . o o . . o . . . 
o x . . . . . o . o 
. . o o x . . . . . 
. . . . . . . . . o 
. . . . . . . . . o 
. . . . . . . . o . 
. . . . . . . o o o 
&amp#27;[H&amp#27;[2JEnemy Board | Ships left: 5 | miss at 36
. . . . . . . . . . 
. . . . . . . o o o 
. . . x x x . . . o 
. o . o . . o . . . 
o o . . . . . . . . 
. o . . o . . . . . 
o . . . . o . . o . 
. . . . . . . . o . 
. . o . o . o . . o 
. o . . . . . . . o 
Your Board | Ships left: 5 | hit at 44
. . o . . . . . . . 
x x . . . . . . o o 
x . . . . o . . . . 
. . o o . . o . . . 
o x . . x . . o . o 
. . o o x . . . . . 
. . . . . . . . . o 
. . . . . . . . . o 
. . . . . . . . o . 
. . . . . . . o o o 
&amp#27;[H&amp#27;[2JEnemy Board | Ships left: 5 | miss at 14
. . . . . . . . . . 
. . . . o . . o o o 
. . . x x x . . . o 
. o . o . . o . . . 
o o . . . . . . . . 
. o . . o . . . . . 
o . . . . o . . o . 
. . . . . . . . o . 
. . o . o . o . . o 
. o . . . . . . . o 
Your Board | Ships left: 5 | miss at 59
. . o . . . . . . . 
x x . . . . . . o o 
x . . . . o . . . . 
. . o o . . o . . . 
o x . . x . . o . o 
. . o o x . . . . o 
. . . . . . . . . o 
. . . . . . . . . o 
. . . . . . . . o . 
. . . . . . . o o o 
&amp#27;[H&amp#27;[2JEnemy Board | Ships left: 5 | miss at 06
. . . . . . o . . . 
. . . . o . . o o o 
. . . x x x . . . o 
. o . o . . o . . . 
o o . . . . . . . . 
. o . . o . . . . . 
o . . . . o . . o . 
. . . . . . . . o . 
. . o . o . o . . o 
. o . . . . . . . o 
Your Board | Ships left: 5 | miss at 80
. . o . . . . . . . 
x x . . . . . . o o 
x . . . . o . . . . 
. . o o . . o . . . 
o x . . x . . o . o 
. . o o x . . . . o 
. . . . . . . . . o 
. . . . . . . . . o 
o . . . . . . . o . 
. . . . . . . o o o 
&amp#27;[H&amp#27;[2JEnemy Board | Ships left: 5 | miss at 88
. . . . . . o . . . 
. . . . o . . o o o 
. . . x x x . . . o 
. o . o . . o . . . 
o o . . . . . . . . 
. o . . o . . . . . 
o . . . . o . . o . 
. . . . . . . . o . 
. . o . o . o . o o 
. o . . . . . . . o 
Your Board | Ships left: 5 | miss at 09
. . o . . . . . . o 
x x . . . . . . o o 
x . . . . o . . . . 
. . o o . . o . . . 
o x . . x . . o . o 
. . o o x . . . . o 
. . . . . . . . . o 
. . . . . . . . . o 
o . . . . . . . o . 
. . . . . . . o o o 
&amp#27;[H&amp#27;[2JEnemy Board | Ships left: 5 | miss at 67
. . . . . . o . . . 
. . . . o . . o o o 
. . . x x x . . . o 
. o . o . . o . . . 
o o . . . . . . . . 
. o . . o . . . . . 
o . . . . o . o o . 
. . . . . . . . o . 
. . o . o . o . o o 
. o . . . . . . . o 
Your Board | Ships left: 5 | miss at 87
. . o . . . . . . o 
x x . . . . . . o o 
x . . . . o . . . . 
. . o o . . o . . . 
o x . . x . . o . o 
. . o o x . . . . o 
. . . . . . . . . o 
. . . . . . . . . o 
o . . . . . . o o . 
. . . . . . . o o o 
&amp#27;[H&amp#27;[2JEnemy Board | Ships left: 5 | miss at 73
. . . . . . o . . . 
. . . . o . . o o o 
. . . x x x . . . o 
. o . o . . o . . . 
o o . . . . . . . . 
. o . . o . . . . . 
o . . . . o . o o . 
. . . o . . . . o . 
. . o . o . o . o o 
. o . . . . . . . o 
Your Board | Ships left: 5 | miss at 75
. . o . . . . . . o 
x x . . . . . . o o 
x . . . . o . . . . 
. . o o . . o . . . 
o x . . x . . o . o 
. . o o x . . . . o 
. . . . . . . . . o 
. . . . . o . . . o 
o . . . . . . o o . 
. . . . . . . o o o 
&amp#27;[H&amp#27;[2JEnemy Board | Ships left: 5 | miss at 83
. . . . . . o . . . 
. . . . o . . o o o 
. . . x x x . . . o 
. o . o . . o . . . 
o o . . . . . . . . 
. o . . o . . . . . 
o . . . . o . o o . 
. . . o . . . . o . 
. . o o o . o . o o 
. o . . . . . . . o 
Your Board | Ships left: 5 | miss at 71
. . o . . . . . . o 
x x . . . . . . o o 
x . . . . o . . . . 
. . o o . . o . . . 
o x . . x . . o . o 
. . o o x . . . . o 
. . . . . . . . . o 
. o . . . o . . . o 
o . . . . . . o o . 
. . . . . . . o o o 
&amp#27;[H&amp#27;[2JEnemy Board | Ships left: 5 | miss at 70
. . . . . . o . . . 
. . . . o . . o o o 
. . . x x x . . . o 
. o . o . . o . . . 
o o . . . . . . . . 
. o . . o . . . . . 
o . . . . o . o o . 
o . . o . . . . o . 
. . o o o . o . o o 
. o . . . . . . . o 
Your Board | Ships left: 5 | miss at 23
. . o . . . . . . o 
x x . . . . . . o o 
x . . o . o . . . . 
. . o o . . o . . . 
o x . . x . . o . o 
. . o o x . . . . o 
. . . . . . . . . o 
. o . . . o . . . o 
o . . . . . . o o . 
. . . . . . . o o o 
&amp#27;[H&amp#27;[2JEnemy Board | Ships left: 5 | miss at 80
. . . . . . o . . . 
. . . . o . . o o o 
. . . x x x . . . o 
. o . o . . o . . . 
o o . . . . . . . . 
. o . . o . . . . . 
o . . . . o . o o . 
o . . o . . . . o . 
o . o o o . o . o o 
. o . . . . . . . o 
Your Board | Ships left: 5 | miss at 74
. . o . . . . . . o 
x x . . . . . . o o 
x . . o . o . . . . 
. . o o . . o . . . 
o x . . x . . o . o 
. . o o x . . . . o 
. . . . . . . . . o 
. o . . o o . . . o 
o . . . . . . o o . 
. . . . . . . o o o 
&amp#27;[H&amp#27;[2JEnemy Board | Ships left: 5 | miss at 50
. . . . . . o . . . 
. . . . o . . o o o 
. . . x x x . . . o 
. o . o . . o . . . 
o o . . . . . . . . 
o o . . o . . . . . 
o . . . . o . o o . 
o . . o . . . . o . 
o . o o o . o . o o 
. o . . . . . . . o 
Your Board | Ships left: 5 | miss at 56
. . o . . . . . . o 
x x . . . . . . o o 
x . . o . o . . . . 
. . o o . . o . . . 
o x . . x . . o . o 
. . o o x . o . . o 
. . . . . . . . . o 
. o . . o o . . . o 
o . . . . . . o o . 
. . . . . . . o o o 
&amp#27;[H&amp#27;[2JEnemy Board | Ships left: 5 | miss at 37
. . . . . . o . . . 
. . . . o . . o o o 
. . . x x x . . . o 
. o . o . . o o . . 
o o . . . . . . . . 
o o . . o . . . . . 
o . . . . o . o o . 
o . . o . . . . o . 
o . o o o . o . o o 
. o . . . . . . . o 
Your Board | Ships left: 5 | miss at 93
. . o . . . . . . o 
x x . . . . . . o o 
x . . o . o . . . . 
. . o o . . o . . . 
o x . . x . . o . o 
. . o o x . o . . o 
. . . . . . . . . o 
. o . . o o . . . o 
o . . . . . . o o . 
. . . o . . . o o o 
&amp#27;[H&amp#27;[2JEnemy Board | Ships left: 5 | hit at 12
. . . . . . o . . . 
. . x . o . . o o o 
. . . x x x . . . o 
. o . o . . o o . . 
o o . . . . . . . . 
o o . . o . . . . . 
o . . . . o . o o . 
o . . o . . . . o . 
o . o o o . o . o o 
. o . . . . . . . o 
Your Board | Ships left: 5 | miss at 83
. . o . . . . . . o 
x x . . . . . . o o 
x . . o . o . . . . 
. . o o . . o . . . 
o x . . x . . o . o 
. . o o x . o . . o 
. . . . . . . . . o 
. o . . o o . . . o 
o . . o . . . o o . 
. . . o . . . o o o 
&amp#27;[H&amp#27;[2JEnemy Board | Ships left: 5 | miss at 74
. . . . . . o . . . 
. . x . o . . o o o 
. . . x x x . . . o 
. o . o . . o o . . 
o o . . . . . . . . 
o o . . o . . . . . 
o . . . . o . o o . 
o . . o o . . . o . 
o . o o o . o . o o 
. o . . . . . . . o 
Your Board | Ships left: 5 | miss at 42
. . o . . . . . . o 
x x . . . . . . o o 
x . . o . o . . . . 
. . o o . . o . . . 
o x o . x . . o . o 
. . o o x . o . . o 
. . . . . . . . . o 
. o . . o o . . . o 
o . . o . . . o o . 
. . . o . . . o o o 
&amp#27;[H&amp#27;[2JEnemy Board | Ships left: 5 | miss at 96
. . . . . . o . . . 
. . x . o . . o o o 
. . . x x x . . . o 
. o . o . . o o . . 
o o . . . . . . . . 
o o . . o . . . . . 
o . . . . o . o o . 
o . . o o . . . o . 
o . o o o . o . o o 
. o . . . . o . . o 
Your Board | Ships left: 5 | miss at 63
. . o . . . . . . o 
x x . . . . . . o o 
x . . o . o . . . . 
. . o o . . o . . . 
o x o . x . . o . o 
. . o o x . o . . o 
. . . o . . . . . o 
. o . . o o . . . o 
o . . o . . . o o . 
. . . o . . . o o o 
&amp#27;[H&amp#27;[2JEnemy Board | Ships left: 5 | hit at 44
. . . . . . o . . . 
. . x . o . . o o o 
. . . x x x . . . o 
. o . o . . o o . . 
o o . . x . . . . . 
o o . . o . . . . . 
o . . . . o . o o . 
o . . o o . . . o . 
o . o o o . o . o o 
. o . . . . o . . o 
Your Board | Ships left: 5 | miss at 67
. . o . . . . . . o 
x x . . . . . . o o 
x . . o . o . . . . 
. . o o . . o . . . 
o x o . x . . o . o 
. . o o x . o . . o 
. . . o . . . o . o 
. o . . o o . . . o 
o . . o . . . o o . 
. . . o . . . o o o 
&amp#27;[H&amp#27;[2JEnemy Board | Ships left: 5 | miss at 46
. . . . . . o . . . 
. . x . o . . o o o 
. . . x x x . . . o 
. o . o . . o o . . 
o o . . x . o . . . 
o o . . o . . . . . 
o . . . . o . o o . 
o . . o o . . . o . 
o . o o o . o . o o 
. o . . . . o . . o 
Your Board | Ships left: 5 | miss at 72
. . o . . . . . . o 
x x . . . . . . o o 
x . . o . o . . . . 
. . o o . . o . . . 
o x o . x . . o . o 
. . o o x . o . . o 
. . . o . . . o . o 
. o o . o o . . . o 
o . . o . . . o o . 
. . . o . . . o o o 
&amp#27;[H&amp#27;[2JEnemy Board | Ships left: 5 | miss at 98
. . . . . . o . . . 
. . x . o . . o o o 
. . . x x x . . . o 
. o . o . . o o . . 
o o . . x . o . . . 
o o . . o . . . . . 
o . . . . o . o o . 
o . . o o . . . o . 
o . o o o . o . o o 
. o . . . . o . o o 
Your Board | Ships left: 5 | miss at 39
. . o . . . . . . o 
x x . . . . . . o o 
x . . o . o . . . . 
. . o o . . o . . o 
o x o . x . . o . o 
. . o o x . o . . o 
. . . o . . . o . o 
. o o . o o . . . o 
o . . o . . . o o . 
. . . o . . . o o o 
&amp#27;[H&amp#27;[2JEnemy Board | Ships left: 5 | miss at 32
. . . . . . o . . . 
. . x . o . . o o o 
. . . x x x . . . o 
. o o o . . o o . . 
o o . . x . o . . . 
o o . . o . . . . . 
o . . . . o . o o . 
o . . o o . . . o . 
o . o o o . o . o o 
. o . . . . o . o o 
Your Board | Ships left: 5 | miss at 16
. . o . . . . . . o 
x x . . . . o . o o 
x . . o . o . . . . 
. . o o . . o . . o 
o x o . x . . o . o 
. . o o x . o . . o 
. . . o . . . o . o 
. o o . o o . . . o 
o . . o . . . o o . 
. . . o . . . o o o 
&amp#27;[H&amp#27;[2JEnemy Board | Ships left: 5 | miss at 04
. . . . o . o . . . 
. . x . o . . o o o 
. . . x x x . . . o 
. o o o . . o o . . 
o o . . x . o . . . 
o o . . o . . . . . 
o . . . . o . o o . 
o . . o o . . . o . 
o . o o o . o . o o 
. o . . . . o . o o 
Your Board | Ships left: 5 | miss at 15
. . o . . . . . . o 
x x . . . o o . o o 
x . . o . o . . . . 
. . o o . . o . . o 
o x o . x . . o . o 
. . o o x . o . . o 
. . . o . . . o . o 
. o o . o o . . . o 
o . . o . . . o o . 
. . . o . . . o o o 
&amp#27;[H&amp#27;[2JEnemy Board | Ships left: 5 | miss at 07
. . . . o . o o . . 
. . x . o . . o o o 
. . . x x x . . . o 
. o o o . . o o . . 
o o . . x . o . . . 
o o . . o . . . . . 
o . . . . o . o o . 
o . . o o . . . o . 
o . o o o . o . o o 
. o . . . . o . o o 
Your Board | Ships left: 5 | miss at 85
. . o . . . . . . o 
x x . . . o o . o o 
x . . o . o . . . . 
. . o o . . o . . o 
o x o . x . . o . o 
. . o o x . o . . o 
. . . o . . . o . o 
. o o . o o . . . o 
o . . o . o . o o . 
. . . o . . . o o o 
&amp#27;[H&amp#27;[2JEnemy Board | Ships left: 5 | miss at 38
. . . . o . o o . . 
. . x . o . . o o o 
. . . x x x . . . o 
. o o o . . o o o . 
o o . . x . o . . . 
o o . . o . . . . . 
o . . . . o . o o . 
o . . o o . . . o . 
o . o o o . o . o o 
. o . . . . o . o o 
Your Board | Ships left: 5 | hit at 76
. . o . . . . . . o 
x x . . . o o . o o 
x . . o . o . . . . 
. . o o . . o . . o 
o x o . x . . o . o 
. . o o x . o . . o 
. . . o . . . o . o 
. o o . o o x . . o 
o . . o . o . o o . 
. . . o . . . o o o 
&amp#27;[H&amp#27;[2JEnemy Board | Ships left: 5 | miss at 28
. . . . o . o o . . 
. . x . o . . o o o 
. . . x x x . . o o 
. o o o . . o o o . 
o o . . x . o . . . 
o o . . o . . . . . 
o . . . . o . o o . 
o . . o o . . . o . 
o . o o o . o . o o 
. o . . . . o . o o 
Your Board | Ships left: 5 | miss at 96
. . o . . . . . . o 
x x . . . o o . o o 
x . . o . o . . . . 
. . o o . . o . . o 
o x o . x . . o . o 
. . o o x . o . . o 
. . . o . . . o . o 
. o o . o o x . . o 
o . . o . o . o o . 
. . . o . . o o o o 
&amp#27;[H&amp#27;[2JEnemy Board | Ships left: 5 | miss at 48
. . . . o . o o . . 
. . x . o . . o o o 
. . . x x x . . o o 
. o o o . . o o o . 
o o . . x . o . o . 
o o . . o . . . . . 
o . . . . o . o o . 
o . . o o . . . o . 
o . o o o . o . o o 
. o . . . . o . o o 
Your Board | Ships left: 5 | miss at 91
. . o . . . . . . o 
x x . . . o o . o o 
x . . o . o . . . . 
. . o o . . o . . o 
o x o . x . . o . o 
. . o o x . o . . o 
. . . o . . . o . o 
. o o . o o x . . o 
o . . o . o . o o . 
. o . o . . o o o o 
&amp#27;[H&amp#27;[2JEnemy Board | Ships left: 5 | miss at 63
. . . . o . o o . . 
. . x . o . . o o o 
. . . x x x . . o o 
. o o o . . o o o . 
o o . . x . o . o . 
o o . . o . . . . . 
o . . o . o . o o . 
o . . o o . . . o . 
o . o o o . o . o o 
. o . . . . o . o o 
Your Board | Ships left: 5 | miss at 12
. . o . . . . . . o 
x x o . . o o . o o 
x . . o . o . . . . 
. . o o . . o . . o 
o x o . x . . o . o 
. . o o x . o . . o 
. . . o . . . o . o 
. o o . o o x . . o 
o . . o . o . o o . 
. o . o . . o o o o 
&amp#27;[H&amp#27;[2JEnemy Board | Ships left: 5 | hit at 22
. . . . o . o o . . 
. . x . o . . o o o 
. . x x x x . . o o 
. o o o . . o o o . 
o o . . x . o . o . 
o o . . o . . . . . 
o . . o . o . o o . 
o . . o o . . . o . 
o . o o o . o . o o 
. o . . . . o . o o 
Your Board | Ships left: 5 | hit at 51
. . o . . . . . . o 
x x o . . o o . o o 
x . . o . o . . . . 
. . o o . . o . . o 
o x o . x . . o . o 
. x o o x . o . . o 
. . . o . . . o . o 
. o o . o o x . . o 
o . . o . o . o o . 
. o . o . . o o o o 
&amp#27;[H&amp#27;[2JEnemy Board | Ships left: 5 | miss at 35
. . . . o . o o . . 
. . x . o . . o o o 
. . x x x x . . o o 
. o o o . o o o o . 
o o . . x . o . o . 
o o . . o . . . . . 
o . . o . o . o o . 
o . . o o . . . o . 
o . o o o . o . o o 
. o . . . . o . o o 
Your Board | Ships left: 5 | miss at 45
. . o . . . . . . o 
x x o . . o o . o o 
x . . o . o . . . . 
. . o o . . o . . o 
o x o . x o . o . o 
. x o o x . o . . o 
. . . o . . . o . o 
. o o . o o x . . o 
o . . o . o . o o . 
. o . o . . o o o o 
&amp#27;[H&amp#27;[2JEnemy Board | Ships left: 5 | miss at 21
. . . . o . o o . . 
. . x . o . . o o o 
. o x x x x . . o o 
. o o o . o o o o . 
o o . . x . o . o . 
o o . . o . . . . . 
o . . o . o . o o . 
o . . o o . . . o . 
o . o o o . o . o o 
. o . . . . o . o o 
Your Board | Ships left: 5 | miss at 61
. . o . . . . . . o 
x x o . . o o . o o 
x . . o . o . . . . 
. . o o . . o . . o 
o x o . x o . o . o 
. x o o x . o . . o 
. o . o . . . o . o 
. o o . o o x . . o 
o . . o . o . o o . 
. o . o . . o o o o 
&amp#27;[H&amp#27;[2JEnemy Board | Ships left: 5 | miss at 42
. . . . o . o o . . 
. . x . o . . o o o 
. o x x x x . . o o 
. o o o . o o o o . 
o o o . x . o . o . 
o o . . o . . . . . 
o . . o . o . o o . 
o . . o o . . . o . 
o . o o o . o . o o 
. o . . . . o . o o 
Your Board | Ships left: 5 | miss at 28
. . o . . . . . . o 
x x o . . o o . o o 
x . . o . o . . o . 
. . o o . . o . . o 
o x o . x o . o . o 
. x o o x . o . . o 
. o . o . . . o . o 
. o o . o o x . . o 
o . . o . o . o o . 
. o . o . . o o o o 
&amp#27;[H&amp#27;[2JEnemy Board | Ships left: 5 | miss at 61
. . . . o . o o . . 
. . x . o . . o o o 
. o x x x x . . o o 
. o o o . o o o o . 
o o o . x . o . o . 
o o . . o . . . . . 
o o . o . o . o o . 
o . . o o . . . o . 
o . o o o . o . o o 
. o . . . . o . o o 
Your Board | Ships left: 5 | miss at 14
. . o . . . . . . o 
x x o . o o o . o o 
x . . o . o . . o . 
. . o o . . o . . o 
o x o . x o . o . o 
. x o o x . o . . o 
. o . o . . . o . o 
. o o . o o x . . o 
o . . o . o . o o . 
. o . o . . o o o o 
&amp#27;[H&amp#27;[2JEnemy Board | Ships left: 5 | miss at 27
. . . . o . o o . . 
. . x . o . . o o o 
. o x x x x . o o o 
. o o o . o o o o . 
o o o . x . o . o . 
o o . . o . . . . . 
o o . o . o . o o . 
o . . o o . . . o . 
o . o o o . o . o o 
. o . . . . o . o o 
Your Board | Ships left: 5 | miss at 03
. . o o . . . . . o 
x x o . o o o . o o 
x . . o . o . . o . 
. . o o . . o . . o 
o x o . x o . o . o 
. x o o x . o . . o 
. o . o . . . o . o 
. o o . o o x . . o 
o . . o . o . o o . 
. o . o . . o o o o 
&amp#27;[H&amp#27;[2JEnemy Board | Ships left: 5 | miss at 34
. . . . o . o o . . 
. . x . o . . o o o 
. o x x x x . o o o 
. o o o o o o o o . 
o o o . x . o . o . 
o o . . o . . . . . 
o o . o . o . o o . 
o . . o o . . . o . 
o . o o o . o . o o 
. o . . . . o . o o 
Your Board | Ships left: 5 | miss at 62
. . o o . . . . . o 
x x o . o o o . o o 
x . . o . o . . o . 
. . o o . . o . . o 
o x o . x o . o . o 
. x o o x . o . . o 
. o o o . . . o . o 
. o o . o o x . . o 
o . . o . o . o o . 
. o . o . . o o o o 
&amp#27;[H&amp#27;[2JEnemy Board | Ships left: 5 | miss at 92
. . . . o . o o . . 
. . x . o . . o o o 
. o x x x x . o o o 
. o o o o o o o o . 
o o o . x . o . o . 
o o . . o . . . . . 
o o . o . o . o o . 
o . . o o . . . o . 
o . o o o . o . o o 
. o o . . . o . o o 
Your Board | Ships left: 5 | miss at 90
. . o o . . . . . o 
x x o . o o o . o o 
x . . o . o . . o . 
. . o o . . o . . o 
o x o . x o . o . o 
. x o o x . o . . o 
. o o o . . . o . o 
. o o . o o x . . o 
o . . o . o . o o . 
o o . o . . o o o o 
&amp#27;[H&amp#27;[2JEnemy Board | Ships left: 5 | hit at 11
. . . . o . o o . . 
. x x . o . . o o o 
. o x x x x . o o o 
. o o o o o o o o . 
o o o . x . o . o . 
o o . . o . . . . . 
o o . o . o . o o . 
o . . o o . . . o . 
o . o o o . o . o o 
. o o . . . o . o o 
Your Board | Ships left: 5 | hit at 77
. . o o . . . . . o 
x x o . o o o . o o 
x . . o . o . . o . 
. . o o . . o . . o 
o x o . x o . o . o 
. x o o x . o . . o 
. o o o . . . o . o 
. o o . o o x x . o 
o . . o . o . o o . 
o o . o . . o o o o 
&amp#27;[H&amp#27;[2JEnemy Board | Ships left: 5 | hit at 01
. x . . o . o o . . 
. x x . o . . o o o 
. o x x x x . o o o 
. o o o o o o o o . 
o o o . x . o . o . 
o o . . o . . . . . 
o o . o . o . o o . 
o . . o o . . . o . 
o . o o o . o . o o 
. o o . . . o . o o 
Your Board | Ships left: 5 | miss at 92
. . o o . . . . . o 
x x o . o o o . o o 
x . . o . o . . o . 
. . o o . . o . . o 
o x o . x o . o . o 
. x o o x . o . . o 
. o o o . . . o . o 
. o o . o o x x . o 
o . . o . o . o o . 
o o o o . . o o o o 
&amp#27;[H&amp#27;[2JEnemy Board | Ships left: 5 | miss at 69
. x . . o . o o . . 
. x x . o . . o o o 
. o x x x x . o o o 
. o o o o o o o o . 
o o o . x . o . o . 
o o . . o . . . . . 
o o . o . o . o o o 
o . . o o . . . o . 
o . o o o . o . o o 
. o o . . . o . o o 
Your Board | Ships left: 5 | miss at 26
. . o o . . . . . o 
x x o . o o o . o o 
x . . o . o o . o . 
. . o o . . o . . o 
o x o . x o . o . o 
. x o o x . o . . o 
. o o o . . . o . o 
. o o . o o x x . o 
o . . o . o . o o . 
o o o o . . o o o o 
&amp#27;[H&amp#27;[2JEnemy Board | Ships left: 5 | miss at 81
. x . . o . o o . . 
. x x . o . . o o o 
. o x x x x . o o o 
. o o o o o o o o . 
o o o . x . o . o . 
o o . . o . . . . . 
o o . o . o . o o o 
o . . o o . . . o . 
o o o o o . o . o o 
. o o . . . o . o o 
Your Board | Ships left: 5 | hit at 86
. . o o . . . . . o 
x x o . o o o . o o 
x . . o . o o . o . 
. . o o . . o . . o 
o x o . x o . o . o 
. x o o x . o . . o 
. o o o . . . o . o 
. o o . o o x x . o 
o . . o . o x o o . 
o o o o . . o o o o 
&amp#27;[H&amp#27;[2JEnemy Board | Ships left: 4 | hit at 45
. x . . o . o o . . 
. x x . o . . o o o 
. o x x x x . o o o 
. o o o o o o o o . 
o o o . x x o . o . 
o o . . o . . . . . 
o o . o . o . o o o 
o . . o o . . . o . 
o o o o o . o . o o 
. o o . . . o . o o 
Your Board | Ships left: 5 | miss at 55
. . o o . . . . . o 
x x o . o o o . o o 
x . . o . o o . o . 
. . o o . . o . . o 
o x o . x o . o . o 
. x o o x o o . . o 
. o o o . . . o . o 
. o o . o o x x . o 
o . . o . o x o o . 
o o o o . . o o o o 
&amp#27;[H&amp#27;[2JEnemy Board | Ships left: 4 | hit at 03
. x . x o . o o . . 
. x x . o . . o o o 
. o x x x x . o o o 
. o o o o o o o o . 
o o o . x x o . o . 
o o . . o . . . . . 
o o . o . o . o o o 
o . . o o . . . o . 
o o o o o . o . o o 
. o o . . . o . o o 
Your Board | Ships left: 5 | hit at 21
. . o o . . . . . o 
x x o . o o o . o o 
x x . o . o o . o . 
. . o o . . o . . o 
o x o . x o . o . o 
. x o o x o o . . o 
. o o o . . . o . o 
. o o . o o x x . o 
o . . o . o x o o . 
o o o o . . o o o o 
&amp#27;[H&amp#27;[2JEnemy Board | Ships left: 4 | hit at 56
. x . x o . o o . . 
. x x . o . . o o o 
. o x x x x . o o o 
. o o o o o o o o . 
o o o . x x o . o . 
o o . . o . x . . . 
o o . o . o . o o o 
o . . o o . . . o . 
o o o o o . o . o o 
. o o . . . o . o o 
Your Board | Ships left: 5 | hit at 00
x . o o . . . . . o 
x x o . o o o . o o 
x x . o . o o . o . 
. . o o . . o . . o 
o x o . x o . o . o 
. x o o x o o . . o 
. o o o . . . o . o 
. o o . o o x x . o 
o . . o . o x o o . 
o o o o . . o o o o 
&amp#27;[H&amp#27;[2JEnemy Board | Ships left: 4 | miss at 49
. x . x o . o o . . 
. x x . o . . o o o 
. o x x x x . o o o 
. o o o o o o o o . 
o o o . x x o . o o 
o o . . o . x . . . 
o o . o . o . o o o 
o . . o o . . . o . 
o o o o o . o . o o 
. o o . . . o . o o 
Your Board | Ships left: 5 | miss at 70
x . o o . . . . . o 
x x o . o o o . o o 
x x . o . o o . o . 
. . o o . . o . . o 
o x o . x o . o . o 
. x o o x o o . . o 
. o o o . . . o . o 
o o o . o o x x . o 
o . . o . o x o o . 
o o o o . . o o o o 
&amp#27;[H&amp#27;[2JEnemy Board | Ships left: 4 | miss at 66
. x . x o . o o . . 
. x x . o . . o o o 
. o x x x x . o o o 
. o o o o o o o o . 
o o o . x x o . o o 
o o . . o . x . . . 
o o . o . o o o o o 
o . . o o . . . o . 
o o o o o . o . o o 
. o o . . . o . o o 
Your Board | Ships left: 5 | miss at 07
x . o o . . . o . o 
x x o . o o o . o o 
x x . o . o o . o . 
. . o o . . o . . o 
o x o . x o . o . o 
. x o o x o o . . o 
. o o o . . . o . o 
o o o . o o x x . o 
o . . o . o x o o . 
o o o o . . o o o o 
&amp#27;[H&amp#27;[2JEnemy Board | Ships left: 4 | miss at 75
. x . x o . o o . . 
. x x . o . . o o o 
. o x x x x . o o o 
. o o o o o o o o . 
o o o . x x o . o o 
o o . . o . x . . . 
o o . o . o o o o o 
o . . o o o . . o . 
o o o o o . o . o o 
. o o . . . o . o o 
Your Board | Ships left: 5 | miss at 95
x . o o . . . o . o 
x x o . o o o . o o 
x x . o . o o . o . 
. . o o . . o . . o 
o x o . x o . o . o 
. x o o x o o . . o 
. o o o . . . o . o 
o o o . o o x x . o 
o . . o . o x o o . 
o o o o . o o o o o 
&amp#27;[H&amp#27;[2JEnemy Board | Ships left: 4 | miss at 79
. x . x o . o o . . 
. x x . o . . o o o 
. o x x x x . o o o 
. o o o o o o o o . 
o o o . x x o . o o 
o o . . o . x . . . 
o o . o . o o o o o 
o . . o o o . . o o 
o o o o o . o . o o 
. o o . . . o . o o 
Your Board | Ships left: 5 | miss at 27
x . o o . . . o . o 
x x o . o o o . o o 
x x . o . o o o o . 
. . o o . . o . . o 
o x o . x o . o . o 
. x o o x o o . . o 
. o o o . . . o . o 
o o o . o o x x . o 
o . . o . o x o o . 
o o o o . o o o o o 
&amp#27;[H&amp#27;[2JEnemy Board | Ships left: 4 | hit at 02
. x x x o . o o . . 
. x x . o . . o o o 
. o x x x x . o o o 
. o o o o o o o o . 
o o o . x x o . o o 
o o . . o . x . . . 
o o . o . o o o o o 
o . . o o o . . o o 
o o o o o . o . o o 
. o o . . . o . o o 
Your Board | Ships left: 5 | miss at 17
x . o o . . . o . o 
x x o . o o o o o o 
x x . o . o o o o . 
. . o o . . o . . o 
o x o . x o . o . o 
. x o o x o o . . o 
. o o o . . . o . o 
o o o . o o x x . o 
o . . o . o x o o . 
o o o o . o o o o o 
&amp#27;[H&amp#27;[2JEnemy Board | Ships left: 4 | miss at 87
. x x x o . o o . . 
. x x . o . . o o o 
. o x x x x . o o o 
. o o o o o o o o . 
o o o . x x o . o o 
o o . . o . x . . . 
o o . o . o o o o o 
o . . o o o . . o o 
o o o o o . o o o o 
. o o . . . o . o o 
Your Board | Ships left: 5 | miss at 60
x . o o . . . o . o 
x x o . o o o o o o 
x x . o . o o o o . 
. . o o . . o . . o 
o x o . x o . o . o 
. x o o x o o . . o 
o o o o . . . o . o 
o o o . o o x x . o 
o . . o . o x o o . 
o o o o . o o o o o 
&amp#27;[H&amp#27;[2JEnemy Board | Ships left: 4 | hit at 55
. x x x o . o o . . 
. x x . o . . o o o 
. o x x x x . o o o 
. o o o o o o o o . 
o o o . x x o . o o 
o o . . o x x . . . 
o o . o . o o o o o 
o . . o o o . . o o 
o o o o o . o o o o 
. o o . . . o . o o 
Your Board | Ships left: 5 | miss at 73
x . o o . . . o . o 
x x o . o o o o o o 
x x . o . o o o o . 
. . o o . . o . . o 
o x o . x o . o . o 
. x o o x o o . . o 
o o o o . . . o . o 
o o o o o o x x . o 
o . . o . o x o o . 
o o o o . o o o o o 
&amp#27;[H&amp#27;[2JEnemy Board | Ships left: 4 | miss at 09
. x x x o . o o . o 
. x x . o . . o o o 
. o x x x x . o o o 
. o o o o o o o o . 
o o o . x x o . o o 
o o . . o x x . . . 
o o . o . o o o o o 
o . . o o o . . o o 
o o o o o . o o o o 
. o o . . . o . o o 
Your Board | Ships left: 4 | hit at 31
x . o o . . . o . o 
x x o . o o o o o o 
x x . o . o o o o . 
. x o o . . o . . o 
o x o . x o . o . o 
. x o o x o o . . o 
o o o o . . . o . o 
o o o o o o x x . o 
o . . o . o x o o . 
o o o o . o o o o o 
&amp#27;[H&amp#27;[2JEnemy Board | Ships left: 4 | miss at 64
. x x x o . o o . o 
. x x . o . . o o o 
. o x x x x . o o o 
. o o o o o o o o . 
o o o . x x o . o o 
o o . . o x x . . . 
o o . o o o o o o o 
o . . o o o . . o o 
o o o o o . o o o o 
. o o . . . o . o o 
Your Board | Ships left: 4 | miss at 65
x . o o . . . o . o 
x x o . o o o o o o 
x x . o . o o o o . 
. x o o . . o . . o 
o x o . x o . o . o 
. x o o x o o . . o 
o o o o . o . o . o 
o o o o o o x x . o 
o . . o . o x o o . 
o o o o . o o o o o 
&amp#27;[H&amp#27;[2JEnemy Board | Ships left: 3 | hit at 26
. x x x o . o o . o 
. x x . o . . o o o 
. o x x x x x o o o 
. o o o o o o o o . 
o o o . x x o . o o 
o o . . o x x . . . 
o o . o o o o o o o 
o . . o o o . . o o 
o o o o o . o o o o 
. o o . . . o . o o 
Your Board | Ships left: 3 | hit at 66
x . o o . . . o . o 
x x o . o o o o o o 
x x . o . o o o o . 
. x o o . . o . . o 
o x o . x o . o . o 
. x o o x o o . . o 
o o o o . o x o . o 
o o o o o o x x . o 
o . . o . o x o o . 
o o o o . o o o o o 
&amp#27;[H&amp#27;[2JEnemy Board | Ships left: 3 | miss at 10
. x x x o . o o . o 
o x x . o . . o o o 
. o x x x x x o o o 
. o o o o o o o o . 
o o o . x x o . o o 
o o . . o x x . . . 
o o . o o o o o o o 
o . . o o o . . o o 
o o o o o . o o o o 
. o o . . . o . o o 
Your Board | Ships left: 3 | miss at 05
x . o o . o . o . o 
x x o . o o o o o o 
x x . o . o o o o . 
. x o o . . o . . o 
o x o . x o . o . o 
. x o o x o o . . o 
o o o o . o x o . o 
o o o o o o x x . o 
o . . o . o x o o . 
o o o o . o o o o o 
&amp#27;[H&amp#27;[2JEnemy Board | Ships left: 3 | miss at 39
. x x x o . o o . o 
o x x . o . . o o o 
. o x x x x x o o o 
. o o o o o o o o o 
o o o . x x o . o o 
o o . . o x x . . . 
o o . o o o o o o o 
o . . o o o . . o o 
o o o o o . o o o o 
. o o . . . o . o o 
Your Board | Ships left: 3 | miss at 35
x . o o . o . o . o 
x x o . o o o o o o 
x x . o . o o o o . 
. x o o . o o . . o 
o x o . x o . o . o 
. x o o x o o . . o 
o o o o . o x o . o 
o o o o o o x x . o 
o . . o . o x o o . 
o o o o . o o o o o 
&amp#27;[H&amp#27;[2JEnemy Board | Ships left: 3 | miss at 16
. x x x o . o o . o 
o x x . o . o o o o 
. o x x x x x o o o 
. o o o o o o o o o 
o o o . x x o . o o 
o o . . o x x . . . 
o o . o o o o o o o 
o . . o o o . . o o 
o o o o o . o o o o 
. o o . . . o . o o 
Your Board | Ships left: 3 | miss at 13
x . o o . o . o . o 
x x o o o o o o o o 
x x . o . o o o o . 
. x o o . o o . . o 
o x o . x o . o . o 
. x o o x o o . . o 
o o o o . o x o . o 
o o o o o o x x . o 
o . . o . o x o o . 
o o o o . o o o o o 
&amp#27;[H&amp#27;[2JEnemy Board | Ships left: 3 | miss at 90
. x x x o . o o . o 
o x x . o . o o o o 
. o x x x x x o o o 
. o o o o o o o o o 
o o o . x x o . o o 
o o . . o x x . . . 
o o . o o o o o o o 
o . . o o o . . o o 
o o o o o . o o o o 
o o o . . . o . o o 
Your Board | Ships left: 3 | miss at 68
x . o o . o . o . o 
x x o o o o o o o o 
x x . o . o o o o . 
. x o o . o o . . o 
o x o . x o . o . o 
. x o o x o o . . o 
o o o o . o x o o o 
o o o o o o x x . o 
o . . o . o x o o . 
o o o o . o o o o o 
&amp#27;[H&amp#27;[2JEnemy Board | Ships left: 3 | miss at 97
. x x x o . o o . o 
o x x . o . o o o o 
. o x x x x x o o o 
. o o o o o o o o o 
o o o . x x o . o o 
o o . . o x x . . . 
o o . o o o o o o o 
o . . o o o . . o o 
o o o o o . o o o o 
o o o . . . o o o o 
Your Board | Ships left: 3 | miss at 50
x . o o . o . o . o 
x x o o o o o o o o 
x x . o . o o o o . 
. x o o . o o . . o 
o x o . x o . o . o 
o x o o x o o . . o 
o o o o . o x o o o 
o o o o o o x x . o 
o . . o . o x o o . 
o o o o . o o o o o 
&amp#27;[H&amp#27;[2JEnemy Board | Ships left: 3 | miss at 05
. x x x o o o o . o 
o x x . o . o o o o 
. o x x x x x o o o 
. o o o o o o o o o 
o o o . x x o . o o 
o o . . o x x . . . 
o o . o o o o o o o 
o . . o o o . . o o 
o o o o o . o o o o 
o o o . . . o o o o 
Your Board | Ships left: 2 | hit at 30
x . o o . o . o . o 
x x o o o o o o o o 
x x . o . o o o o . 
x x o o . o o . . o 
o x o . x o . o . o 
o x o o x o o . . o 
o o o o . o x o o o 
o o o o o o x x . o 
o . . o . o x o o . 
o o o o . o o o o o 
&amp#27;[H&amp#27;[2JEnemy Board | Ships left: 2 | hit at 57
. x x x o o o o . o 
o x x . o . o o o o 
. o x x x x x o o o 
. o o o o o o o o o 
o o o . x x o . o o 
o o . . o x x x . . 
o o . o o o o o o o 
o . . o o o . . o o 
o o o o o . o o o o 
o o o . . . o o o o 
Your Board | Ships left: 2 | miss at 24
x . o o . o . o . o 
x x o o o o o o o o 
x x . o o o o o o . 
x x o o . o o . . o 
o x o . x o . o . o 
o x o o x o o . . o 
o o o o . o x o o o 
o o o o o o x x . o 
o . . o . o x o o . 
o o o o . o o o o o 
&amp#27;[H&amp#27;[2JEnemy Board | Ships left: 2 | miss at 53
. x x x o o o o . o 
o x x . o . o o o o 
. o x x x x x o o o 
. o o o o o o o o o 
o o o . x x o . o o 
o o . o o x x x . . 
o o . o o o o o o o 
o . . o o o . . o o 
o o o o o . o o o o 
o o o . . . o o o o 
Your Board | Ships left: 2 | miss at 04
x . o o o o . o . o 
x x o o o o o o o o 
x x . o o o o o o . 
x x o o . o o . . o 
o x o . x o . o . o 
o x o o x o o . . o 
o o o o . o x o o o 
o o o o o o x x . o 
o . . o . o x o o . 
o o o o . o o o o o 
&amp#27;[H&amp#27;[2JEnemy Board | Ships left: 2 | miss at 15
. x x x o o o o . o 
o x x . o o o o o o 
. o x x x x x o o o 
. o o o o o o o o o 
o o o . x x o . o o 
o o . o o x x x . . 
o o . o o o o o o o 
o . . o o o . . o o 
o o o o o . o o o o 
o o o . . . o o o o 
Your Board | Ships left: 2 | miss at 57
x . o o o o . o . o 
x x o o o o o o o o 
x x . o o o o o o . 
x x o o . o o . . o 
o x o . x o . o . o 
o x o o x o o o . o 
o o o o . o x o o o 
o o o o o o x x . o 
o . . o . o x o o . 
o o o o . o o o o o 
&amp#27;[H&amp#27;[2JEnemy Board | Ships left: 1 | hit at 00
x x x x o o o o . o 
o x x . o o o o o o 
. o x x x x x o o o 
. o o o o o o o o o 
o o o . x x o . o o 
o o . o o x x x . . 
o o . o o o o o o o 
o . . o o o . . o o 
o o o o o . o o o o 
o o o . . . o o o o 
Your Board | Ships left: 2 | miss at 94
x . o o o o . o . o 
x x o o o o o o o o 
x x . o o o o o o . 
x x o o . o o . . o 
o x o . x o . o . o 
o x o o x o o o . o 
o o o o . o x o o o 
o o o o o o x x . o 
o . . o . o x o o . 
o o o o o o o o o o 
&amp#27;[H&amp#27;[2JEnemy Board | Ships left: 1 | miss at 72
x x x x o o o o . o 
o x x . o o o o o o 
. o x x x x x o o o 
. o o o o o o o o o 
o o o . x x o . o o 
o o . o o x x x . . 
o o . o o o o o o o 
o . o o o o . . o o 
o o o o o . o o o o 
o o o . . . o o o o 
Your Board | Ships left: 2 | miss at 37
x . o o o o . o . o 
x x o o o o o o o o 
x x . o o o o o o . 
x x o o . o o o . o 
o x o . x o . o . o 
o x o o x o o o . o 
o o o o . o x o o o 
o o o o o o x x . o 
o . . o . o x o o . 
o o o o o o o o o o 
&amp#27;[H&amp#27;[2JEnemy Board | Ships left: 1 | miss at 47
x x x x o o o o . o 
o x x . o o o o o o 
. o x x x x x o o o 
. o o o o o o o o o 
o o o . x x o o o o 
o o . o o x x x . . 
o o . o o o o o o o 
o . o o o o . . o o 
o o o o o . o o o o 
o o o . . . o o o o 
Your Board | Ships left: 2 | miss at 84
x . o o o o . o . o 
x x o o o o o o o o 
x x . o o o o o o . 
x x o o . o o o . o 
o x o . x o . o . o 
o x o o x o o o . o 
o o o o . o x o o o 
o o o o o o x x . o 
o . . o o o x o o . 
o o o o o o o o o o 
&amp#27;[H&amp#27;[2JEnemy Board | Ships left: 1 | miss at 77
x x x x o o o o . o 
o x x . o o o o o o 
. o x x x x x o o o 
. o o o o o o o o o 
o o o . x x o o o o 
o o . o o x x x . . 
o o . o o o o o o o 
o . o o o o . o o o 
o o o o o . o o o o 
o o o . . . o o o o 
Your Board | Ships left: 2 | miss at 89
x . o o o o . o . o 
x x o o o o o o o o 
x x . o o o o o o . 
x x o o . o o o . o 
o x o . x o . o . o 
o x o o x o o o . o 
o o o o . o x o o o 
o o o o o o x x . o 
o . . o o o x o o o 
o o o o o o o o o o 
&amp#27;[H&amp#27;[2JEnemy Board | Ships left: 1 | miss at 95
x x x x o o o o . o 
o x x . o o o o o o 
. o x x x x x o o o 
. o o o o o o o o o 
o o o . x x o o o o 
o o . o o x x x . . 
o o . o o o o o o o 
o . o o o o . o o o 
o o o o o . o o o o 
o o o . . o o o o o 
Your Board | Ships left: 2 | miss at 29
x . o o o o . o . o 
x x o o o o o o o o 
x x . o o o o o o o 
x x o o . o o o . o 
o x o . x o . o . o 
o x o o x o o o . o 
o o o o . o x o o o 
o o o o o o x x . o 
o . . o o o x o o o 
o o o o o o o o o o 
&amp#27;[H&amp#27;[2JEnemy Board | Ships left: 1 | miss at 20
x x x x o o o o . o 
o x x . o o o o o o 
o o x x x x x o o o 
. o o o o o o o o o 
o o o . x x o o o o 
o o . o o x x x . . 
o o . o o o o o o o 
o . o o o o . o o o 
o o o o o . o o o o 
o o o . . o o o o o 
Your Board | Ships left: 2 | miss at 46
x . o o o o . o . o 
x x o o o o o o o o 
x x . o o o o o o o 
x x o o . o o o . o 
o x o . x o o o . o 
o x o o x o o o . o 
o o o o . o x o o o 
o o o o o o x x . o 
o . . o o o x o o o 
o o o o o o o o o o 
&amp#27;[H&amp#27;[2JEnemy Board | Ships left: 1 | miss at 08
x x x x o o o o o o 
o x x . o o o o o o 
o o x x x x x o o o 
. o o o o o o o o o 
o o o . x x o o o o 
o o . o o x x x . . 
o o . o o o o o o o 
o . o o o o . o o o 
o o o o o . o o o o 
o o o . . o o o o o 
Your Board | Ships left: 2 | miss at 82
x . o o o o . o . o 
x x o o o o o o o o 
x x . o o o o o o o 
x x o o . o o o . o 
o x o . x o o o . o 
o x o o x o o o . o 
o o o o . o x o o o 
o o o o o o x x . o 
o . o o o o x o o o 
o o o o o o o o o o 
&amp#27;[H&amp#27;[2JEnemy Board | Ships left: 1 | miss at 30
x x x x o o o o o o 
o x x . o o o o o o 
o o x x x x x o o o 
o o o o o o o o o o 
o o o . x x o o o o 
o o . o o x x x . . 
o o . o o o o o o o 
o . o o o o . o o o 
o o o o o . o o o o 
o o o . . o o o o o 
Your Board | Ships left: 2 | miss at 01
x o o o o o . o . o 
x x o o o o o o o o 
x x . o o o o o o o 
x x o o . o o o . o 
o x o . x o o o . o 
o x o o x o o o . o 
o o o o . o x o o o 
o o o o o o x x . o 
o . o o o o x o o o 
o o o o o o o o o o 
&amp#27;[H&amp#27;[2JEnemy Board | Ships left: 1 | miss at 94
x x x x o o o o o o 
o x x . o o o o o o 
o o x x x x x o o o 
o o o o o o o o o o 
o o o . x x o o o o 
o o . o o x x x . . 
o o . o o o o o o o 
o . o o o o . o o o 
o o o o o . o o o o 
o o o . o o o o o o 
Your Board | Ships left: 2 | miss at 06
x o o o o o o o . o 
x x o o o o o o o o 
x x . o o o o o o o 
x x o o . o o o . o 
o x o . x o o o . o 
o x o o x o o o . o 
o o o o . o x o o o 
o o o o o o x x . o 
o . o o o o x o o o 
o o o o o o o o o o 
&amp#27;[H&amp#27;[2JEnemy Board | Ships left: 1 | miss at 59
x x x x o o o o o o 
o x x . o o o o o o 
o o x x x x x o o o 
o o o o o o o o o o 
o o o . x x o o o o 
o o . o o x x x . o 
o o . o o o o o o o 
o . o o o o . o o o 
o o o o o . o o o o 
o o o . o o o o o o 
Your Board | Ships left: 2 | miss at 22
x o o o o o o o . o 
x x o o o o o o o o 
x x o o o o o o o o 
x x o o . o o o . o 
o x o . x o o o . o 
o x o o x o o o . o 
o o o o . o x o o o 
o o o o o o x x . o 
o . o o o o x o o o 
o o o o o o o o o o 
&amp#27;[H&amp#27;[2JEnemy Board | Ships left: 1 | miss at 85
x x x x o o o o o o 
o x x . o o o o o o 
o o x x x x x o o o 
o o o o o o o o o o 
o o o . x x o o o o 
o o . o o x x x . o 
o o . o o o o o o o 
o . o o o o . o o o 
o o o o o o o o o o 
o o o . o o o o o o 
Your Board | Ships left: 1 | hit at 64
x o o o o o o o . o 
x x o o o o o o o o 
x x o o o o o o o o 
x x o o . o o o . o 
o x o . x o o o . o 
o x o o x o o o . o 
o o o o x o x o o o 
o o o o o o x x . o 
o . o o o o x o o o 
o o o o o o o o o o 
&amp#27;[H&amp#27;[2JEnemy Board | Ships left: 1 | miss at 62
x x x x o o o o o o 
o x x . o o o o o o 
o o x x x x x o o o 
o o o o o o o o o o 
o o o . x x o o o o 
o o . o o x x x . o 
o o o o o o o o o o 
o . o o o o . o o o 
o o o o o o o o o o 
o o o . o o o o o o 
Your Board | Ships left: 1 | miss at 38
x o o o o o o o . o 
x x o o o o o o o o 
x x o o o o o o o o 
x x o o . o o o o o 
o x o . x o o o . o 
o x o o x o o o . o 
o o o o x o x o o o 
o o o o o o x x . o 
o . o o o o x o o o 
o o o o o o o o o o 
&amp#27;[H&amp#27;[2JEnemy Board | Ships left: 1 | miss at 58
x x x x o o o o o o 
o x x . o o o o o o 
o o x x x x x o o o 
o o o o o o o o o o 
o o o . x x o o o o 
o o . o o x x x o o 
o o o o o o o o o o 
o . o o o o . o o o 
o o o o o o o o o o 
o o o . o o o o o o 
Your Board | Ships left: 1 | miss at 58
x o o o o o o o . o 
x x o o o o o o o o 
x x o o o o o o o o 
x x o o . o o o o o 
o x o . x o o o . o 
o x o o x o o o o o 
o o o o x o x o o o 
o o o o o o x x . o 
o . o o o o x o o o 
o o o o o o o o o o 
]]></system-out>
  </testcase>
  <testcase name="SinglePlayerStartGame" classname="GameControllerTest" time="0.0"/>
</testsuite>